<?xml version="1.0" encoding="UTF-8"?>
<!-- Generated by org.testng.reporters.JUnitXMLReporter -->
<testsuite ignored="4" hostname="LAPTOP-N9CFEN98" failures="0" tests="1" name="Target Web Automation" time="0.069" errors="0" timestamp="2022-07-23T23:45:44 EDT">
  <testcase classname="configuration.common.WebTestBase" name="@BeforeMethod setUp" time="-1.658634344893E9">
    <failure type="java.lang.ArrayIndexOutOfBoundsException" message="Index 6 out of bounds for length 6">
      <![CDATA[java.lang.ArrayIndexOutOfBoundsException: Index 6 out of bounds for length 6
at java.base/java.util.ArrayList.forEach(ArrayList.java:1541)
... Removed 32 stack frames]]>
    </failure>
  </testcase> <!-- @BeforeMethod setUp -->
  <testcase classname="configuration.common.WebTestBase" name="@BeforeMethod setUp" time="0.0">
    <skipped/>
  </testcase> <!-- @BeforeMethod setUp -->
  <testcase classname="configuration.common.WebTestBase" name="@BeforeMethod startExtent" time="0.0">
    <skipped/>
  </testcase> <!-- @BeforeMethod startExtent -->
  <testcase classname="com.target.testPages.HomePageTest.HomePageTest02" name="@BeforeMethod getInIt" time="0.0">
    <skipped/>
  </testcase> <!-- @BeforeMethod getInIt -->
  <testcase classname="configuration.common.WebTestBase" name="@AfterMethod afterEachTestMethod" time="0.0">
    <skipped/>
  </testcase> <!-- @AfterMethod afterEachTestMethod -->
  <testcase classname="configuration.common.WebTestBase" name="@AfterTest tearDownAutomation" time="0.0">
    <skipped/>
  </testcase> <!-- @AfterTest tearDownAutomation -->
  <testcase classname="com.target.testPages.HomePageTest.HomePageTest02" name="verifySearchProductUsingValidProductName1" time="0.0">
    <skipped/>
  </testcase> <!-- verifySearchProductUsingValidProductName1 -->
  <testcase classname="com.target.testPages.HomePageTest.HomePageTest02" name="verifySearchProductUsingValidProductNameFromDataProvider" time="0.0">
    <ignored/>
  </testcase> <!-- verifySearchProductUsingValidProductNameFromDataProvider -->
  <testcase classname="com.target.testPages.HomePageTest.HomePageTest02" name="verifySearchProductUsingValidProductNameFromExcel" time="0.0">
    <ignored/>
  </testcase> <!-- verifySearchProductUsingValidProductNameFromExcel -->
  <testcase classname="com.target.testPages.HomePageTest.HomePageTest02" name="verifySearchProductUsingValidProductNameFromDirectArray" time="0.0">
    <ignored/>
  </testcase> <!-- verifySearchProductUsingValidProductNameFromDirectArray -->
  <testcase classname="com.target.testPages.HomePageTest.HomePageTest02" name="verifySearchProductUsingValidProductName" time="0.0">
    <ignored/>
  </testcase> <!-- verifySearchProductUsingValidProductName -->
</testsuite> <!-- Target Web Automation -->
